{
  level: 'info',
  message: 'basic log',
  timestamp: '2020-07-24T17:41:40.644Z'
}
{
  level: 'info',
  message: 'basic log',
  timestamp: '2020-07-24T17:42:24.266Z'
}
{
  level: 'info',
  message: 'getCommentList',
  timestamp: '2020-07-24T17:43:26.589Z'
}
{"level":"info","message":"getCommentList","timestamp":"2020-07-24T18:04:10.556Z"}
{"level":"info","message":"getCommentList","timestamp":"2020-07-24T18:12:07.683Z"}
{"level":"info","message":"getCommentList","timestamp":"2020-07-24T18:13:42.387Z"}
{"level":"info","message":"getCommentList","timestamp":"2020-07-24T18:13:49.078Z"}
{"level":"info","message":"getCommentList","timestamp":"2020-07-24T18:13:50.072Z"}
{
"id": "12deasdasdasdasdasdasdasasdasdasdasd",
"level": "info",
"message": "getCommentList",
"timestamp": "2020-07-24T18:15:18.334Z",
"responseTime": "200ms"
}
{"level":"info","message":"getCommentList","timestamp":"2020-07-24T18:31:33.682Z"}
{"level":"info","message":"getCommentList","timestamp":"2020-07-24T18:32:49.966Z"}
{
 "level": "info",
 "message": "getCommentList",
 "timestamp": "2020-07-24T18:33:28.673Z"
}
{
 "level": "info",
 "message": "getCommentList",
 "timestamp": "2020-07-24T18:46:14.914Z"
}
{
 "level": "info",
 "message": "[right meow!] getCommentList",
 "timestamp": "2020-07-24T18:48:19.239Z"
}
{
 "level": "info",
 "label": "getCommentList",
 "message": "[right meow!] CONTROLLER comment/getCommentList",
 "timestamp": "2020-07-24T18:50:31.613Z"
}
{
 "level": "info",
 "label": "getCommentList",
 "message": "CONTROLLER comment/getCommentList",
 "timestamp": "2020-07-24T18:51:31.984Z"
}
{
 "level": "info",
 "label": "getCommentList",
 "homes": "IES",
 "message": "CONTROLLER comment/getCommentList",
 "timestamp": "2020-07-24T18:52:06.312Z"
}
{
 "level": "info",
 "type": "getCommentList",
 "path": "comment/getCommentList",
 "message": "null",
 "timestamp": "2020-07-24T18:53:01.325Z"
}
{
 "level": "info",
 "type": "CONTROLLER",
 "name": "getCommentList",
 "path": "comment/getCommentList",
 "message": "null",
 "timestamp": "2020-07-24T18:53:45.601Z"
}
{
 "level": "info",
 "type": "CONTROLLER",
 "name": "getCommentList",
 "path": "comment/getCommentList",
 "message": "null",
 "timestamp": "2020-07-24T19:09:07.634Z"
}
{
 "level": "info",
 "type": "CONTROLLER",
 "name": "getCommentList",
 "path": "comment/getCommentList",
 "message": "null",
 "timestamp": "2020-07-24T19:10:46.209Z"
}
